compressLib/build/intermediates/manifest_merge_blame_file/debug/manifest-merger-blame-debug-report.txt
1<?xml version="1.0" encoding="utf-8"?>
2<manifest xmlns:android="http://schemas.android.com/apk/res/android"
3    xmlns:tools="http://schemas.android.com/tools"
4    package="com.zj.compress" >
5
6    <uses-sdk
7        android:minSdkVersion="21"
7-->src/main/AndroidManifest.xml
8        android:targetSdkVersion="32" />
8-->src/main/AndroidManifest.xml
9
10    <uses-permission
10-->src/main/AndroidManifest.xml:5:5-7:40
11        android:name="android.permission.WRITE_EXTERNAL_STORAGE"
11-->src/main/AndroidManifest.xml:6:9-65
12        tools:ignore="ScopedStorage" />
12-->src/main/AndroidManifest.xml:7:9-37
13    <uses-permission android:name="android.permission.INTERNET" />
13-->src/main/AndroidManifest.xml:8:5-67
13-->src/main/AndroidManifest.xml:8:22-64
14
15</manifest>